(---------------------------------------------------------------------)
(                                                                     )
(    NC DRILL Log                                                     )
(                                                                     )
(    Drawing          : DDS.brd                                       )
(    Software Version : 16.6-2015S066                                 )
(    Date/Time        : Thu Mar 09 15:33:20 2017                      )
(                                                                     )
(---------------------------------------------------------------------)



 Processing NC Parameters file 'nc_param.txt' ...

 NC PARAMETERS
 -------------

 FORMAT   		2.5
 MACHINE-OFFSET		x:0.00000	y:0.00000   (inch)
 FEEDRATE		1
 COORDINATES		ABSOLUTE
 OUTPUT-UNITS		ENGLISH
 TOOL-ORDER		INCREASING
 REPEAT-CODES		YES
 SUPPRESS-LEAD-ZEROES	NO
 SUPPRESS-TRAIL-ZEROES	NO
 SUPPRESS-EQUAL		NO
 TOOL-SELECT		NO
 HEADER			none
 LEADER			12
 CODE			ASCII
 SEPARATE		NO
 SEPARATE-ROUTING	NO
 OPTIMIZE_DRILLING	YES
 ENHANCED_EXCELLON	YES
 SCALE			1.000000

 WARNING(SPMHMF-360): Design precision is greater than that of the drill output file data.
 WARNING(SPMHMF-361): Data rounding errors are very possible.


Drill files being output to directory 'F:/对外部分项目/信号发生器改版/Hardware/Pcb/Out' ...



     'DDS-1-2.drl' created for holes connecting TOP and BOTTOM
     ---------------------------------------------------------

           Num     Size      +/- Tolerance     Plating   Quantity

            1.  12.0000    0.0000/  0.0000      PLATED        222
            2.  35.4330    0.0000/  0.0000      PLATED         27
            3.  39.3700    0.0000/  0.0000      PLATED          6
            4.  47.2440    0.0000/  0.0000      PLATED         50
            5.  59.0550    0.0000/  0.0000      PLATED         20
            6. 125.9840    0.0000/  0.0000      PLATED          4
            7. 157.4800    0.0000/  0.0000      PLATED          4

     ---- Total holes:                                        333

     ---- Total head travel:              7.38 feet (2.25 meters)

