(---------------------------------------------------------------------)
(                                                                     )
(    ARTWORK LOG                                                      )
(                                                                     )
(    Drawing          : DDS.brd                                       )
(    Software Version : 16.6-2015S066                                 )
(    Date/Time        : Sat Mar 04 10:38:13 2017                      )
(                                                                     )
(---------------------------------------------------------------------)



 ******************************************
 WARNING: DRC OUT OF DATE on this layout.
 ******************************************

 ---- Photoplot outline rectangle not found; using drawing extents.



Results from parameter file ...
    DEVICE-TYPE           GERBER_RS274X
    OUTPUT-UNITS          INCHES
    FILM-SIZE             2400000 1600000
    FORMAT                2.5
    ABORT-ON-ERROR        NO
    SCALE                 1
    SUPPRESS-LEAD-ZEROES  YES
    SUPPRESS-TRAIL-ZEROES NO
    SUPPRESS-EQUAL        YES
    UNDEF-APT-CONT        NO



================================================================
     PROCESSING FILM < TOP >
     TO FILE < F:/对外部分项目/信号发生器改版/Hardware/Pcb/Out/TOP.art > ...
================================================================

  FILM PARAMETERS :
  ---------------------------------------------------------
  Undefined line width                6.000
  Mirror code                         NONE
  Rotate angle                        NONE
  Offset x:                           0.000
  Offset y:                           0.000
  Plot negative                       NO
  Suppress unconnected internal pads  NO
  Draw holes only                     NO

    WARNING: Segment with same start and end points at
	(1436.042 1299.986) will be ignored. Increasing output
	accuracy may allow segment to be generated.

    WARNING: Segment with same start and end points at
	(3064.767 982.152) will be ignored. Increasing output
	accuracy may allow segment to be generated.

    WARNING: Segment with same start and end points at
	(3354.330 1819.193) will be ignored. Increasing output
	accuracy may allow segment to be generated.



  APERTURES USED:
  ---------------------------------------------------------
  TYPE       SIZE/NAME                   ROT   MIRROR MODE 
  ---------------------------------------------------------
  CIRCLE     0.00787                                  DARK 
  CIRCLE     0.01000                                  DARK 
  CIRCLE     0.01200                                  DARK 
  CIRCLE     0.01500                                  DARK 
  CIRCLE     0.02000                                  DARK 
  CIRCLE     0.02500                                  DARK 
  CIRCLE     0.03500                                  DARK 
  CIRCLE     0.05906                                  DARK 
  CIRCLE     0.07087                                  DARK 
  CIRCLE     0.09842                                  DARK 
  CIRCLE     0.17716                                  DARK 
  SQUARE     0.09055                     0.000 NO     DARK 
  RECTANGLE  0.01673     x 0.03740       0.000 NO     DARK 
  RECTANGLE  0.01673     x 0.03740      90.000 NO     DARK 
  RECTANGLE  0.02264     x 0.05512       0.000 NO     DARK 
  RECTANGLE  0.02264     x 0.05512      90.000 NO     DARK 
  RECTANGLE  0.02658     x 0.06890      90.000 NO     DARK 
  RECTANGLE  0.03937     x 0.02362       0.000 NO     DARK 
  RECTANGLE  0.03937     x 0.02362      90.000 NO     DARK 
  RECTANGLE  0.05512     x 0.04331      90.000 NO     DARK 
  RECTANGLE  0.05906     x 0.01000       0.000 NO     DARK 
  RECTANGLE  0.05906     x 0.01000      90.000 NO     DARK 
  RECTANGLE  0.06102     x 0.02362       0.000 NO     DARK 
  RECTANGLE  0.06299     x 0.06299       0.000 NO     DARK 
  RECTANGLE  0.07087     x 0.04724       0.000 NO     DARK 
  RECTANGLE  0.07087     x 0.04724      90.000 NO     DARK 
  RECTANGLE  0.07677     x 0.02362       0.000 NO     DARK 
  RECTANGLE  0.12795     x 0.07874       0.000 NO     DARK 
  RECTANGLE  0.13583     x 0.10039      90.000 NO     DARK 
  OBLONG     0.05118     x 0.01575      90.000 NO     DARK 

     TOP created with warnings


================================================================
     PROCESSING FILM < BOTTOM >
     TO FILE < F:/对外部分项目/信号发生器改版/Hardware/Pcb/Out/BOTTOM.art > ...
================================================================

  FILM PARAMETERS :
  ---------------------------------------------------------
  Undefined line width                1.000
  Mirror code                         NONE
  Rotate angle                        NONE
  Offset x:                           0.000
  Offset y:                           0.000
  Plot negative                       NO
  Suppress unconnected internal pads  NO
  Draw holes only                     NO



  APERTURES USED:
  ---------------------------------------------------------
  TYPE       SIZE/NAME                   ROT   MIRROR MODE 
  ---------------------------------------------------------
  CIRCLE     0.00787                                  DARK 
  CIRCLE     0.01000                                  DARK 
  CIRCLE     0.01200                                  DARK 
  CIRCLE     0.01500                                  DARK 
  CIRCLE     0.02000                                  DARK 
  CIRCLE     0.02500                                  DARK 
  CIRCLE     0.05906                                  DARK 
  CIRCLE     0.07087                                  DARK 
  CIRCLE     0.09842                                  DARK 
  CIRCLE     0.17716                                  DARK 

     BOTTOM created with warnings


================================================================
     PROCESSING FILM < DRILL >
     TO FILE < F:/对外部分项目/信号发生器改版/Hardware/Pcb/Out/DRILL.art > ...
================================================================

  FILM PARAMETERS :
  ---------------------------------------------------------
  Undefined line width                1.000
  Mirror code                         NONE
  Rotate angle                        NONE
  Offset x:                           0.000
  Offset y:                           0.000
  Plot negative                       NO
  Suppress unconnected internal pads  NO
  Draw holes only                     NO

    WARNING: 0 width line found at (214.718 2757.212)
           ... using undefined line width of 1.000

    WARNING: Multiple 0 width lines; all will be treated the same as the first.
           ... using undefined line width of 1.000

    WARNING: text composed 0 width line found at (664.218 4319.712)
           ... using undefined line width of 1.000

    WARNING: text having Multiple 0 width lines; all will be treated the same as the first.
           ... using undefined line width of 1.000



  APERTURES USED:
  ---------------------------------------------------------
  TYPE       SIZE/NAME                   ROT   MIRROR MODE 
  ---------------------------------------------------------
  CIRCLE     0.00100                                  DARK 
  CIRCLE     0.00787                                  DARK 

     DRILL created with warnings


================================================================
     PROCESSING FILM < SOLDERMASK_TOP >
     TO FILE < F:/对外部分项目/信号发生器改版/Hardware/Pcb/Out/SOLDERMASK_TOP.art > ...
================================================================

  FILM PARAMETERS :
  ---------------------------------------------------------
  Undefined line width                6.000
  Mirror code                         NONE
  Rotate angle                        NONE
  Offset x:                           0.000
  Offset y:                           0.000
  Plot negative                       NO
  Suppress unconnected internal pads  NO
  Draw holes only                     NO



  APERTURES USED:
  ---------------------------------------------------------
  TYPE       SIZE/NAME                   ROT   MIRROR MODE 
  ---------------------------------------------------------
  CIRCLE     0.00787                                  DARK 
  CIRCLE     0.05906                                  DARK 
  CIRCLE     0.07087                                  DARK 
  CIRCLE     0.09842                                  DARK 
  CIRCLE     0.17716                                  DARK 
  SQUARE     0.09055                     0.000 NO     DARK 
  RECTANGLE  0.01673     x 0.03740       0.000 NO     DARK 
  RECTANGLE  0.01673     x 0.03740      90.000 NO     DARK 
  RECTANGLE  0.02264     x 0.05512       0.000 NO     DARK 
  RECTANGLE  0.02264     x 0.05512      90.000 NO     DARK 
  RECTANGLE  0.02658     x 0.06890      90.000 NO     DARK 
  RECTANGLE  0.03937     x 0.02362       0.000 NO     DARK 
  RECTANGLE  0.03937     x 0.02362      90.000 NO     DARK 
  RECTANGLE  0.05512     x 0.04331      90.000 NO     DARK 
  RECTANGLE  0.05906     x 0.01000       0.000 NO     DARK 
  RECTANGLE  0.05906     x 0.01000      90.000 NO     DARK 
  RECTANGLE  0.06102     x 0.02362       0.000 NO     DARK 
  RECTANGLE  0.06299     x 0.06299       0.000 NO     DARK 
  RECTANGLE  0.07087     x 0.04724       0.000 NO     DARK 
  RECTANGLE  0.07087     x 0.04724      90.000 NO     DARK 
  RECTANGLE  0.07677     x 0.02362       0.000 NO     DARK 
  RECTANGLE  0.12795     x 0.07874       0.000 NO     DARK 
  RECTANGLE  0.13583     x 0.10039      90.000 NO     DARK 
  OBLONG     0.05118     x 0.01575      90.000 NO     DARK 

     SOLDERMASK_TOP created with warnings


================================================================
     PROCESSING FILM < SOLDERMASK_BOTTOM >
     TO FILE < F:/对外部分项目/信号发生器改版/Hardware/Pcb/Out/SOLDERMASK_BOTTOM.art > ...
================================================================

  FILM PARAMETERS :
  ---------------------------------------------------------
  Undefined line width                6.000
  Mirror code                         NONE
  Rotate angle                        NONE
  Offset x:                           0.000
  Offset y:                           0.000
  Plot negative                       NO
  Suppress unconnected internal pads  NO
  Draw holes only                     NO



  APERTURES USED:
  ---------------------------------------------------------
  TYPE       SIZE/NAME                   ROT   MIRROR MODE 
  ---------------------------------------------------------
  CIRCLE     0.00787                                  DARK 
  CIRCLE     0.05906                                  DARK 
  CIRCLE     0.07087                                  DARK 
  CIRCLE     0.09842                                  DARK 
  CIRCLE     0.17716                                  DARK 

     SOLDERMASK_BOTTOM created with warnings


================================================================
     PROCESSING FILM < SILKSCREEN_BOTTOM >
     TO FILE < F:/对外部分项目/信号发生器改版/Hardware/Pcb/Out/SILKSCREEN_BOTTOM.art > ...
================================================================

  FILM PARAMETERS :
  ---------------------------------------------------------
  Undefined line width                6.000
  Mirror code                         NONE
  Rotate angle                        NONE
  Offset x:                           0.000
  Offset y:                           0.000
  Plot negative                       NO
  Suppress unconnected internal pads  NO
  Draw holes only                     NO



  APERTURES USED:
  ---------------------------------------------------------
  TYPE       SIZE/NAME                   ROT   MIRROR MODE 
  ---------------------------------------------------------
  CIRCLE     0.00787                                  DARK 

     SILKSCREEN_BOTTOM created with warnings


================================================================
     PROCESSING FILM < SILKSCREEN_TOP >
     TO FILE < F:/对外部分项目/信号发生器改版/Hardware/Pcb/Out/SILKSCREEN_TOP.art > ...
================================================================

  FILM PARAMETERS :
  ---------------------------------------------------------
  Undefined line width                6.000
  Mirror code                         NONE
  Rotate angle                        NONE
  Offset x:                           0.000
  Offset y:                           0.000
  Plot negative                       NO
  Suppress unconnected internal pads  NO
  Draw holes only                     NO



  APERTURES USED:
  ---------------------------------------------------------
  TYPE       SIZE/NAME                   ROT   MIRROR MODE 
  ---------------------------------------------------------
  CIRCLE     0.00394                                  DARK 
  CIRCLE     0.00400                                  DARK 
  CIRCLE     0.00600                                  DARK 
  CIRCLE     0.00787                                  DARK 
  CIRCLE     0.00984                                  DARK 
  CIRCLE     0.01000                                  DARK 
  CIRCLE     0.01968                                  DARK 

     SILKSCREEN_TOP created with warnings


================================================================
     PROCESSING FILM < PASTEMASK_TOP >
     TO FILE < F:/对外部分项目/信号发生器改版/Hardware/Pcb/Out/PASTEMASK_TOP.art > ...
================================================================

  FILM PARAMETERS :
  ---------------------------------------------------------
  Undefined line width                6.000
  Mirror code                         NONE
  Rotate angle                        NONE
  Offset x:                           0.000
  Offset y:                           0.000
  Plot negative                       NO
  Suppress unconnected internal pads  NO
  Draw holes only                     NO



  APERTURES USED:
  ---------------------------------------------------------
  TYPE       SIZE/NAME                   ROT   MIRROR MODE 
  ---------------------------------------------------------
  CIRCLE     0.00787                                  DARK 
  SQUARE     0.09055                     0.000 NO     DARK 
  RECTANGLE  0.01673     x 0.03740       0.000 NO     DARK 
  RECTANGLE  0.01673     x 0.03740      90.000 NO     DARK 
  RECTANGLE  0.02264     x 0.05512       0.000 NO     DARK 
  RECTANGLE  0.02264     x 0.05512      90.000 NO     DARK 
  RECTANGLE  0.02658     x 0.06890      90.000 NO     DARK 
  RECTANGLE  0.03937     x 0.02362       0.000 NO     DARK 
  RECTANGLE  0.03937     x 0.02362      90.000 NO     DARK 
  RECTANGLE  0.05512     x 0.04331      90.000 NO     DARK 
  RECTANGLE  0.05906     x 0.01000       0.000 NO     DARK 
  RECTANGLE  0.05906     x 0.01000      90.000 NO     DARK 
  RECTANGLE  0.06102     x 0.02362       0.000 NO     DARK 
  RECTANGLE  0.06299     x 0.06299       0.000 NO     DARK 
  RECTANGLE  0.07087     x 0.04724       0.000 NO     DARK 
  RECTANGLE  0.07087     x 0.04724      90.000 NO     DARK 
  RECTANGLE  0.07677     x 0.02362       0.000 NO     DARK 
  RECTANGLE  0.09367     x 0.05823      90.000 NO     DARK 
  RECTANGLE  0.12795     x 0.07874       0.000 NO     DARK 
  OBLONG     0.05118     x 0.01575      90.000 NO     DARK 

     PASTEMASK_TOP created with warnings


================================================================
     PROCESSING FILM < PASTEMASK_BOTTOM >
     TO FILE < F:/对外部分项目/信号发生器改版/Hardware/Pcb/Out/PASTEMASK_BOTTOM.art > ...
================================================================

  FILM PARAMETERS :
  ---------------------------------------------------------
  Undefined line width                6.000
  Mirror code                         NONE
  Rotate angle                        NONE
  Offset x:                           0.000
  Offset y:                           0.000
  Plot negative                       NO
  Suppress unconnected internal pads  NO
  Draw holes only                     NO



  APERTURES USED:
  ---------------------------------------------------------
  TYPE       SIZE/NAME                   ROT   MIRROR MODE 
  ---------------------------------------------------------
  CIRCLE     0.00787                                  DARK 

     PASTEMASK_BOTTOM created with warnings


------------------------------------------------------
 SUMMARY:
        TOP created with warnings
        BOTTOM created with warnings
        DRILL created with warnings
        SOLDERMASK_TOP created with warnings
        SOLDERMASK_BOTTOM created with warnings
        SILKSCREEN_BOTTOM created with warnings
        SILKSCREEN_TOP created with warnings
        PASTEMASK_TOP created with warnings
        PASTEMASK_BOTTOM created with warnings

 ARTWORK had warnings
