(---------------------------------------------------------------------)
(                                                                     )
(    Auto-interactive Convert Corner - Aicc                           )
(                                                                     )
(    Drawing          : DDS.brd                                       )
(    Software Version : 16.6-2015S066                                 )
(    Date/Time        : Fri May 05 22:25:53 2017                      )
(                                                                     )
(---------------------------------------------------------------------)


CommandStart AiCC ************************************************************

Convert Corner Parameters:
Convert Type:           ARC
Allow in cns areas:     Yes
Preferred Radius Size:  5x Line Width
Min Radius Size:        1x Line Width
Allow DRCs:             No

Result: 0 of 1 failed to convert


CommandEnd AiCC **************************************************************
CommandStart AiCC ************************************************************

Convert Corner Parameters:
Convert Type:           ARC
Allow in cns areas:     Yes
Preferred Radius Size:  5x Line Width
Min Radius Size:        1x Line Width
Allow DRCs:             No

Result: 0 of 1 failed to convert


CommandEnd AiCC **************************************************************
