(---------------------------------------------------------------------)
(                                                                     )
(    QUICKPLACE LOG                                                   )
(                                                                     )
(    Drawing          : DDS.brd                                       )
(    Software Version : 16.6-2015S066                                 )
(    Date/Time        : Sun May 07 21:10:14 2017                      )
(                                                                     )
(---------------------------------------------------------------------)


State: Placing on layer TOP

         Placed symbol:  U17 / NCV551SN50T1_LT1964-5-SOT23_NCV / LT1964-5-SOT23 at (62.724 2360.363)
         Placed symbol:  C84 / CAP_0603_1UF / 0603 at (199.169 2321.977)
         Placed symbol:  C83 / CAP_0805_10UF / 0805 at (308.547 2330.836)


Placed 3 of 3 applicable (3 total) symbols.

-----------------------------------------------------------------------

State: Placing on layer TOP



Placed 0 of 0 applicable (0 total) symbols.

-----------------------------------------------------------------------

State: Placing on layer TOP



Placed 0 of 0 applicable (0 total) symbols.

-----------------------------------------------------------------------

